2025-04-22 12:48:05.419 [main] INFO  testCases.TC001_AccountRegistrationTest - Password is provided
2025-04-22 12:48:05.425 [main] INFO  testCases.TC001_AccountRegistrationTest - Setting Newsletter
2025-04-22 12:48:05.592 [main] INFO  testCases.TC001_AccountRegistrationTest - Setting Privacy Policy
2025-04-22 12:48:05.746 [main] INFO  testCases.TC001_AccountRegistrationTest - Click on Register Button
2025-04-22 12:48:09.470 [main] INFO  testCases.TC001_AccountRegistrationTest - *** TC001_RegistrationTest is Finished ***
2025-04-22 12:48:10.881 [main] INFO  testCases.TC002_LoginTest - *** TC002_LoginTest is Started ***
2025-04-22 12:48:10.883 [main] INFO  testCases.TC002_LoginTest - Click on My Account Page
2025-04-22 12:48:10.992 [main] INFO  testCases.TC002_LoginTest - Click on Login Page
2025-04-22 12:48:11.402 [main] INFO  testCases.TC002_LoginTest - Providing email
2025-04-22 12:48:11.543 [main] INFO  testCases.TC002_LoginTest - Email is provided
2025-04-22 12:48:11.544 [main] INFO  testCases.TC002_LoginTest - Providing Password
2025-04-22 12:48:11.634 [main] INFO  testCases.TC002_LoginTest - Password is provided
2025-04-22 12:48:11.634 [main] INFO  testCases.TC002_LoginTest - Clicking on login button
2025-04-22 12:50:48.773 [main] INFO  testCases.TC001_AccountRegistrationTest - *** TC001_RegistrationTest is Started ***
2025-04-22 12:50:48.817 [main] INFO  testCases.TC001_AccountRegistrationTest - Click on My Account
2025-04-22 12:50:48.941 [main] INFO  testCases.TC001_AccountRegistrationTest - Click on RegisterLink
2025-04-22 12:50:49.274 [main] INFO  testCases.TC001_AccountRegistrationTest - Providing First Name
2025-04-22 12:50:49.394 [main] INFO  testCases.TC001_AccountRegistrationTest - Providing Last Name
2025-04-22 12:50:49.489 [main] INFO  testCases.TC001_AccountRegistrationTest - Providing Email
2025-04-22 12:50:49.599 [main] INFO  testCases.TC001_AccountRegistrationTest - Providing Password
2025-04-22 12:50:49.701 [main] INFO  testCases.TC001_AccountRegistrationTest - Password is provided
2025-04-22 12:50:49.702 [main] INFO  testCases.TC001_AccountRegistrationTest - Setting Newsletter
2025-04-22 12:50:49.866 [main] INFO  testCases.TC001_AccountRegistrationTest - Setting Privacy Policy
2025-04-22 12:50:50.002 [main] INFO  testCases.TC001_AccountRegistrationTest - Click on Register Button
2025-04-22 12:50:53.763 [main] INFO  testCases.TC001_AccountRegistrationTest - *** TC001_RegistrationTest is Finished ***
2025-04-22 12:50:55.174 [main] INFO  testCases.TC002_LoginTest - *** TC002_LoginTest is Started ***
2025-04-22 12:50:55.175 [main] INFO  testCases.TC002_LoginTest - Click on My Account Page
2025-04-22 12:50:55.270 [main] INFO  testCases.TC002_LoginTest - Click on Login Page
2025-04-22 12:50:55.570 [main] INFO  testCases.TC002_LoginTest - Providing email
2025-04-22 12:50:55.732 [main] INFO  testCases.TC002_LoginTest - Email is provided
2025-04-22 12:50:55.732 [main] INFO  testCases.TC002_LoginTest - Providing Password
2025-04-22 12:50:55.841 [main] INFO  testCases.TC002_LoginTest - Password is provided
2025-04-22 12:50:55.841 [main] INFO  testCases.TC002_LoginTest - Clicking on login button
2025-04-22 12:50:56.020 [main] INFO  testCases.TC002_LoginTest - Login button is clicked
2025-04-22 12:50:59.056 [main] INFO  testCases.TC002_LoginTest - *** TC002_LoingTest is Finished ***
2025-04-22 12:51:23.139 [main] INFO  testCases.TC001_AccountRegistrationTest - *** TC001_RegistrationTest is Started ***
2025-04-22 12:51:23.162 [main] INFO  testCases.TC001_AccountRegistrationTest - Click on My Account
2025-04-22 12:51:23.275 [main] INFO  testCases.TC001_AccountRegistrationTest - Click on RegisterLink
2025-04-22 12:51:23.624 [main] INFO  testCases.TC001_AccountRegistrationTest - Providing First Name
2025-04-22 12:51:23.752 [main] INFO  testCases.TC001_AccountRegistrationTest - Providing Last Name
2025-04-22 12:51:23.841 [main] INFO  testCases.TC001_AccountRegistrationTest - Providing Email
2025-04-22 12:51:23.951 [main] INFO  testCases.TC001_AccountRegistrationTest - Providing Password
2025-04-22 12:51:24.031 [main] INFO  testCases.TC001_AccountRegistrationTest - Password is provided
2025-04-22 12:51:24.045 [main] INFO  testCases.TC001_AccountRegistrationTest - Setting Newsletter
2025-04-22 12:51:24.223 [main] INFO  testCases.TC001_AccountRegistrationTest - Setting Privacy Policy
2025-04-22 12:51:24.372 [main] INFO  testCases.TC001_AccountRegistrationTest - Click on Register Button
2025-04-22 12:51:28.142 [main] INFO  testCases.TC001_AccountRegistrationTest - *** TC001_RegistrationTest is Finished ***
2025-04-22 12:51:29.564 [main] INFO  testCases.TC002_LoginTest - *** TC002_LoginTest is Started ***
2025-04-22 12:51:29.565 [main] INFO  testCases.TC002_LoginTest - Click on My Account Page
2025-04-22 12:51:29.679 [main] INFO  testCases.TC002_LoginTest - Click on Login Page
2025-04-22 12:51:30.008 [main] INFO  testCases.TC002_LoginTest - Providing email
2025-04-22 12:51:30.148 [main] INFO  testCases.TC002_LoginTest - Email is provided
