2025-04-09 16:48:59.127 [main] INFO  testCases.TC002_LoginTest - Email is provided
2025-04-09 16:48:59.131 [main] INFO  testCases.TC002_LoginTest - Providing Password
2025-04-09 16:48:59.230 [main] INFO  testCases.TC002_LoginTest - Password is provided
2025-04-09 16:48:59.230 [main] INFO  testCases.TC002_LoginTest - Clicking on login button
2025-04-09 16:50:21.002 [main] INFO  testCases.TC002_LoginTest - *** TC002_LoginTest is Started ***
2025-04-09 16:50:21.031 [main] INFO  testCases.TC002_LoginTest - Click on My Account Page
2025-04-09 16:50:21.120 [main] INFO  testCases.TC002_LoginTest - Click on Login Page
2025-04-09 16:50:21.414 [main] INFO  testCases.TC002_LoginTest - Providing email
2025-04-09 16:50:21.551 [main] INFO  testCases.TC002_LoginTest - Email is provided
2025-04-09 16:50:21.551 [main] INFO  testCases.TC002_LoginTest - Providing Password
2025-04-09 16:50:21.673 [main] INFO  testCases.TC002_LoginTest - Password is provided
2025-04-09 16:50:21.673 [main] INFO  testCases.TC002_LoginTest - Clicking on login button
2025-04-09 16:51:06.059 [main] INFO  testCases.TC002_LoginTest - *** TC002_LoginTest is Started ***
2025-04-09 16:51:06.082 [main] INFO  testCases.TC002_LoginTest - Click on My Account Page
2025-04-09 16:51:06.174 [main] INFO  testCases.TC002_LoginTest - Click on Login Page
2025-04-09 16:51:06.517 [main] INFO  testCases.TC002_LoginTest - Providing email
2025-04-09 16:51:06.659 [main] INFO  testCases.TC002_LoginTest - Email is provided
2025-04-09 16:51:06.659 [main] INFO  testCases.TC002_LoginTest - Providing Password
2025-04-09 16:51:06.755 [main] INFO  testCases.TC002_LoginTest - Password is provided
2025-04-09 16:51:06.755 [main] INFO  testCases.TC002_LoginTest - Clicking on login button
2025-04-09 16:52:51.073 [main] INFO  testCases.TC002_LoginTest - *** TC002_LoginTest is Started ***
2025-04-09 16:52:51.094 [main] INFO  testCases.TC002_LoginTest - Click on My Account Page
2025-04-09 16:52:51.196 [main] INFO  testCases.TC002_LoginTest - Click on Login Page
2025-04-09 16:52:51.532 [main] INFO  testCases.TC002_LoginTest - Providing email
2025-04-09 16:52:51.674 [main] INFO  testCases.TC002_LoginTest - Email is provided
2025-04-09 16:52:51.674 [main] INFO  testCases.TC002_LoginTest - Providing Password
2025-04-09 16:52:51.772 [main] INFO  testCases.TC002_LoginTest - Password is provided
2025-04-09 16:52:51.772 [main] INFO  testCases.TC002_LoginTest - Clicking on login button
2025-04-09 16:53:18.222 [main] INFO  testCases.TC002_LoginTest - *** TC002_LoginTest is Started ***
2025-04-09 16:53:18.260 [main] INFO  testCases.TC002_LoginTest - Click on My Account Page
2025-04-09 16:53:18.353 [main] INFO  testCases.TC002_LoginTest - Click on Login Page
2025-04-09 16:53:18.656 [main] INFO  testCases.TC002_LoginTest - Providing email
2025-04-09 16:53:18.799 [main] INFO  testCases.TC002_LoginTest - Email is provided
2025-04-09 16:53:18.799 [main] INFO  testCases.TC002_LoginTest - Providing Password
2025-04-09 16:53:18.899 [main] INFO  testCases.TC002_LoginTest - Password is provided
2025-04-09 16:53:18.900 [main] INFO  testCases.TC002_LoginTest - Clicking on login button
2025-04-09 16:55:05.521 [main] INFO  testCases.TC002_LoginTest - *** TC002_LoginTest is Started ***
2025-04-09 16:55:05.568 [main] INFO  testCases.TC002_LoginTest - Click on My Account Page
2025-04-09 16:55:05.662 [main] INFO  testCases.TC002_LoginTest - Click on Login Page
2025-04-09 16:55:05.962 [main] INFO  testCases.TC002_LoginTest - Providing email
2025-04-09 16:55:06.114 [main] INFO  testCases.TC002_LoginTest - Email is provided
2025-04-09 16:55:06.115 [main] INFO  testCases.TC002_LoginTest - Providing Password
2025-04-09 16:55:06.215 [main] INFO  testCases.TC002_LoginTest - Password is provided
2025-04-09 16:55:06.215 [main] INFO  testCases.TC002_LoginTest - Clicking on login button
2025-04-09 16:57:17.256 [main] INFO  testCases.TC002_LoginTest - *** TC002_LoginTest is Started ***
2025-04-09 16:57:17.274 [main] INFO  testCases.TC002_LoginTest - Click on My Account Page
2025-04-09 16:57:17.423 [main] INFO  testCases.TC002_LoginTest - Click on Login Page
2025-04-09 16:57:17.804 [main] INFO  testCases.TC002_LoginTest - Providing email
2025-04-09 16:57:17.961 [main] INFO  testCases.TC002_LoginTest - Email is provided
2025-04-09 16:57:17.962 [main] INFO  testCases.TC002_LoginTest - Providing Password
2025-04-09 16:57:18.058 [main] INFO  testCases.TC002_LoginTest - Password is provided
2025-04-09 16:57:18.058 [main] INFO  testCases.TC002_LoginTest - Clicking on login button
2025-04-09 16:57:18.140 [main] INFO  testCases.TC002_LoginTest - Login button is clicked
2025-04-09 16:57:23.250 [main] INFO  testCases.TC002_LoginTest - *** TC002_LoingTest is Finished ***
2025-04-09 16:58:09.863 [main] INFO  testCases.TC002_LoginTest - *** TC002_LoginTest is Started ***
2025-04-09 16:58:09.894 [main] INFO  testCases.TC002_LoginTest - Click on My Account Page
2025-04-09 16:58:10.027 [main] INFO  testCases.TC002_LoginTest - Click on Login Page
