2025-04-11 22:28:19.838 [main] INFO  testCases.TC003_LoginDDT - Providing Password
2025-04-11 22:28:19.929 [main] INFO  testCases.TC003_LoginDDT - Password is provided
2025-04-11 22:28:19.929 [main] INFO  testCases.TC003_LoginDDT - Click on Login Button
2025-04-11 22:28:19.992 [main] INFO  testCases.TC003_LoginDDT - Login Button is clicked
2025-04-11 22:28:29.999 [main] INFO  testCases.TC003_LoginDDT - *** TCOO3_LoginDDT is finished ***
2025-04-11 22:28:30.015 [main] INFO  testCases.TC003_LoginDDT - *** TC003_LoginDDT is started ***
2025-04-11 22:28:30.015 [main] INFO  testCases.TC003_LoginDDT - Click on MyAccount
2025-04-11 22:28:30.090 [main] INFO  testCases.TC003_LoginDDT - My Account is clicked
2025-04-11 22:28:30.091 [main] INFO  testCases.TC003_LoginDDT - Click on Login Link
2025-04-11 22:28:30.390 [main] INFO  testCases.TC003_LoginDDT - Login link is clicked
2025-04-11 22:28:30.398 [main] INFO  testCases.TC003_LoginDDT - Providing Email
2025-04-11 22:28:30.526 [main] INFO  testCases.TC003_LoginDDT - Email is provided.
2025-04-11 22:28:30.526 [main] INFO  testCases.TC003_LoginDDT - Providing Password
2025-04-11 22:28:30.613 [main] INFO  testCases.TC003_LoginDDT - Password is provided
2025-04-11 22:28:30.613 [main] INFO  testCases.TC003_LoginDDT - Click on Login Button
2025-04-11 22:28:30.676 [main] INFO  testCases.TC003_LoginDDT - Login Button is clicked
2025-04-11 22:28:40.686 [main] INFO  testCases.TC003_LoginDDT - *** TCOO3_LoginDDT is finished ***
2025-04-12 17:47:18.487 [main] INFO  testCases.TC001_AccountRegistrationTest - *** TC001_RegistrationTest is Started ***
2025-04-12 17:47:18.527 [main] INFO  testCases.TC001_AccountRegistrationTest - Click on My Account
2025-04-12 17:47:18.692 [main] INFO  testCases.TC001_AccountRegistrationTest - Click on RegisterLink
2025-04-12 17:47:19.548 [main] INFO  testCases.TC001_AccountRegistrationTest - Providing First Name
2025-04-12 17:47:19.762 [main] INFO  testCases.TC001_AccountRegistrationTest - Providing Last Name
2025-04-12 17:47:19.922 [main] INFO  testCases.TC001_AccountRegistrationTest - Providing Email
2025-04-12 17:47:20.207 [main] INFO  testCases.TC001_AccountRegistrationTest - Providing Password
2025-04-12 17:47:20.360 [main] INFO  testCases.TC001_AccountRegistrationTest - Password is provided
2025-04-12 17:47:20.361 [main] INFO  testCases.TC001_AccountRegistrationTest - Setting Newsletter
2025-04-12 17:47:20.553 [main] INFO  testCases.TC001_AccountRegistrationTest - Setting Privacy Policy
2025-04-12 17:47:20.720 [main] INFO  testCases.TC001_AccountRegistrationTest - Click on Register Button
2025-04-12 17:47:20.907 [main] INFO  testCases.TC001_AccountRegistrationTest - Expected Message
2025-04-12 17:47:20.980 [main] INFO  testCases.TC001_AccountRegistrationTest - *** TC001_RegistrationTest is Finished ***
2025-04-12 17:47:23.033 [main] INFO  testCases.TC002_LoginTest - *** TC002_LoginTest is Started ***
2025-04-12 17:47:23.034 [main] INFO  testCases.TC002_LoginTest - Click on My Account Page
2025-04-12 17:47:23.185 [main] INFO  testCases.TC002_LoginTest - Click on Login Page
2025-04-12 17:47:23.724 [main] INFO  testCases.TC002_LoginTest - Providing email
2025-04-12 17:47:23.907 [main] INFO  testCases.TC002_LoginTest - Email is provided
2025-04-12 17:47:23.908 [main] INFO  testCases.TC002_LoginTest - Providing Password
2025-04-12 17:47:24.034 [main] INFO  testCases.TC002_LoginTest - Password is provided
2025-04-12 17:47:24.034 [main] INFO  testCases.TC002_LoginTest - Clicking on login button
2025-04-12 17:47:24.143 [main] INFO  testCases.TC002_LoginTest - Login button is clicked
2025-04-12 17:47:24.689 [main] INFO  testCases.TC002_LoginTest - *** TC002_LoingTest is Finished ***
2025-04-12 17:49:27.625 [main] INFO  testCases.TC001_AccountRegistrationTest - *** TC001_RegistrationTest is Started ***
2025-04-12 17:49:27.667 [main] INFO  testCases.TC001_AccountRegistrationTest - Click on My Account
2025-04-12 17:49:27.822 [main] INFO  testCases.TC001_AccountRegistrationTest - Click on RegisterLink
2025-04-12 17:49:28.364 [main] INFO  testCases.TC001_AccountRegistrationTest - Providing First Name
2025-04-12 17:49:28.551 [main] INFO  testCases.TC001_AccountRegistrationTest - Providing Last Name
2025-04-12 17:49:28.719 [main] INFO  testCases.TC001_AccountRegistrationTest - Providing Email
2025-04-12 17:49:28.900 [main] INFO  testCases.TC001_AccountRegistrationTest - Providing Password
2025-04-12 17:49:29.086 [main] INFO  testCases.TC001_AccountRegistrationTest - Password is provided
2025-04-12 17:49:29.087 [main] INFO  testCases.TC001_AccountRegistrationTest - Setting Newsletter
2025-04-12 17:49:29.279 [main] INFO  testCases.TC001_AccountRegistrationTest - Setting Privacy Policy
2025-04-12 17:49:29.467 [main] INFO  testCases.TC001_AccountRegistrationTest - Click on Register Button
2025-04-12 17:49:29.660 [main] INFO  testCases.TC001_AccountRegistrationTest - Expected Message
2025-04-12 17:49:29.733 [main] INFO  testCases.TC001_AccountRegistrationTest - *** TC001_RegistrationTest is Finished ***
